#
# A fatal error has been detected by the Java Runtime Environment:
#
#  EXCEPTION_ACCESS_VIOLATION (0xc0000005) at pc=0x0000000002e4b57a, pid=3116, tid=4396
#
# JRE version: Java(TM) SE Runtime Environment (7.0_79-b15) (build 1.7.0_79-b15)
# Java VM: Java HotSpot(TM) 64-Bit Server VM (24.79-b02 mixed mode windows-amd64 compressed oops)
# Problematic frame:
# v  ~BufferBlob::jni_fast_GetIntField
#
# Failed to write core dump. Minidumps are not enabled by default on client versions of Windows
#
# If you would like to submit a bug report, please visit:
#   http://bugreport.java.com/bugreport/crash.jsp
# The crash happened outside the Java Virtual Machine in native code.
# See problematic frame for where to report the bug.
#

---------------  T H R E A D  ---------------

Current thread (0x0000000002afd800):  JavaThread "main" [_thread_in_native, id=4396, stack(0x0000000002bf0000,0x0000000002cf0000)]

siginfo: ExceptionCode=0xc0000005, reading address 0x0000000000000000

Registers:
RAX=0x0000000000000000, RBX=0x0000000002afd9e8, RCX=0x0000000002afd9e8, RDX=0x0000000000000000
RSP=0x0000000002cef088, RBP=0x0000000002cef2c8, RSI=0x0000000001112f90, RDI=0x0000000000000000
R8 =0x0000000000000032, R9 =0x0000000000000000, R10=0x0000000000000000, R11=0x000000006e287ec8
R12=0x0000000002cef158, R13=0x0000000000000001, R14=0x0000000000000009, R15=0x000000000000006c
RIP=0x0000000002e4b57a, EFLAGS=0x0000000000010246

Top of Stack: (sp=0x0000000002cef088)
0x0000000002cef088:   0000000180001ba2 0000000006873d92
0x0000000002cef098:   0000000002afd9e8 0000000002cef2c8
0x0000000002cef0a8:   0000000002cef2c8 0000000000000052
0x0000000002cef0b8:   0000000000000000 0000000000000000
0x0000000002cef0c8:   0000000000000000 0000000002cef2d8
0x0000000002cef0d8:   0000000000000000 000000073beb6a38
0x0000000002cef0e8:   0000000001107c40 0000000002cef2e0
0x0000000002cef0f8:   0000000002cef2e0 00000000010f65d0
0x0000000002cef108:   0000000180009e1f 0000000002afd9e8
0x0000000002cef118:   0000000000000032 0000000002ce0000
0x0000000002cef128:   0000000000000042 0000000002afd800
0x0000000002cef138:   0000000000000000 0000000000000000
0x0000000002cef148:   0000000000000000 fffffffffffffffe
0x0000000002cef158:   0000000001112f90 0000000001113008
0x0000000002cef168:   0000000001113008 0000000002cef2d0
0x0000000002cef178:   0000000002df60f8 00000000e77ba955 

Instructions: (pc=0x0000000002e4b57a)
0x0000000002e4b55a:   00 00 00 00 00 00 44 8b 15 61 c9 43 6b 4c 8b ca
0x0000000002e4b56a:   41 f6 c2 01 0f 85 2e 00 00 00 4d 33 ca 4d 33 ca
0x0000000002e4b57a:   4d 8b 09 4d 8b d8 49 c1 eb 02 43 8b 04 19 49 bb
0x0000000002e4b58a:   c8 7e 28 6e 00 00 00 00 4c 33 d8 4c 33 d8 45 3b 


Register to memory mapping:

RAX=0x0000000000000000 is an unknown value
RBX=0x0000000002afd9e8 is an unknown value
RCX=0x0000000002afd9e8 is an unknown value
RDX=0x0000000000000000 is an unknown value
RSP=0x0000000002cef088 is pointing into the stack for thread: 0x0000000002afd800
RBP=0x0000000002cef2c8 is pointing into the stack for thread: 0x0000000002afd800
RSI=0x0000000001112f90 is an unknown value
RDI=0x0000000000000000 is an unknown value
R8 =0x0000000000000032 is an unknown value
R9 =0x0000000000000000 is an unknown value
R10=0x0000000000000000 is an unknown value
R11=0x000000006e287ec8 is an unknown value
R12=0x0000000002cef158 is pointing into the stack for thread: 0x0000000002afd800
R13=0x0000000000000001 is an unknown value
R14=0x0000000000000009 is an unknown value
R15=0x000000000000006c is an unknown value


Stack: [0x0000000002bf0000,0x0000000002cf0000],  sp=0x0000000002cef088,  free space=1020k
Native frames: (J=compiled Java code, j=interpreted, Vv=VM code, C=native code)
v  ~BufferBlob::jni_fast_GetIntField

Java frames: (J=compiled Java code, j=interpreted, Vv=VM code)
j  smile.learning.EM.learn(Lsmile/learning/DataSet;Lsmile/Network;[Lsmile/learning/DataMatch;[I)V+0
j  smile.learning.EM.learn(Lsmile/learning/DataSet;Lsmile/Network;[Lsmile/learning/DataMatch;)V+8
j  dbn_jsmile.tut.main([Ljava/lang/String;)V+484
v  ~StubRoutines::call_stub

---------------  P R O C E S S  ---------------

Java Threads: ( => current thread )
  0x000000000d60b800 JavaThread "Service Thread" daemon [_thread_blocked, id=4780, stack(0x000000000ed60000,0x000000000ee60000)]
  0x000000000d603000 JavaThread "C2 CompilerThread1" daemon [_thread_blocked, id=7068, stack(0x000000000ec60000,0x000000000ed60000)]
  0x000000000d601000 JavaThread "C2 CompilerThread0" daemon [_thread_blocked, id=9144, stack(0x000000000eb60000,0x000000000ec60000)]
  0x000000000d5fc000 JavaThread "Attach Listener" daemon [_thread_blocked, id=6360, stack(0x000000000ea60000,0x000000000eb60000)]
  0x000000000d5f9000 JavaThread "Signal Dispatcher" daemon [_thread_blocked, id=5052, stack(0x000000000e960000,0x000000000ea60000)]
  0x000000000d5be800 JavaThread "Finalizer" daemon [_thread_blocked, id=7912, stack(0x000000000e860000,0x000000000e960000)]
  0x000000000d5b5000 JavaThread "Reference Handler" daemon [_thread_blocked, id=7284, stack(0x000000000e760000,0x000000000e860000)]
=>0x0000000002afd800 JavaThread "main" [_thread_in_native, id=4396, stack(0x0000000002bf0000,0x0000000002cf0000)]

Other Threads:
  0x000000000d5b1000 VMThread [stack: 0x000000000e660000,0x000000000e760000] [id=2604]
  0x000000000d61d000 WatcherThread [stack: 0x000000000ee60000,0x000000000ef60000] [id=4608]

VM state:not at safepoint (normal execution)

VM Mutex/Monitor currently owned by a thread: None

Heap
 PSYoungGen      total 57344K, used 1966K [0x00000007c0480000, 0x00000007c4480000, 0x0000000800000000)
  eden space 49152K, 4% used [0x00000007c0480000,0x00000007c066b948,0x00000007c3480000)
  from space 8192K, 0% used [0x00000007c3c80000,0x00000007c3c80000,0x00000007c4480000)
  to   space 8192K, 0% used [0x00000007c3480000,0x00000007c3480000,0x00000007c3c80000)
 ParOldGen       total 130048K, used 0K [0x0000000740e00000, 0x0000000748d00000, 0x00000007c0480000)
  object space 130048K, 0% used [0x0000000740e00000,0x0000000740e00000,0x0000000748d00000)
 PSPermGen       total 21504K, used 2782K [0x000000073bc00000, 0x000000073d100000, 0x0000000740e00000)
  object space 21504K, 12% used [0x000000073bc00000,0x000000073beb7a30,0x000000073d100000)

Card table byte_map: [0x0000000005df0000,0x0000000006420000] byte_map_base: 0x0000000002412000

Polling page: 0x0000000001310000

Code Cache  [0x0000000002df0000, 0x0000000003060000, 0x0000000005df0000)
 total_blobs=178 nmethods=0 adapters=146 free_code_cache=48767Kb largest_free_block=49937792

Compilation events (0 events):
No events

GC Heap History (0 events):
No events

Deoptimization events (0 events):
No events

Internal exceptions (7 events):
Event: 0.022 Thread 0x0000000002afd800 Threw 0x00000007c048ad70 at C:\re\jdk7u79\2331\hotspot\src\share\vm\prims\jni.cpp:3991
Event: 0.054 Thread 0x0000000002afd800 Threw 0x00000007c04d0af8 at C:\re\jdk7u79\2331\hotspot\src\share\vm\prims\jvm.cpp:1304
Event: 0.059 Thread 0x0000000002afd800 Threw 0x00000007c04d7710 at C:\re\jdk7u79\2331\hotspot\src\share\vm\prims\jvm.cpp:1304
Event: 0.066 Thread 0x0000000002afd800 Threw 0x00000007c04ebc58 at C:\re\jdk7u79\2331\hotspot\src\share\vm\prims\jvm.cpp:1304
Event: 0.068 Thread 0x0000000002afd800 Threw 0x00000007c04eed40 at C:\re\jdk7u79\2331\hotspot\src\share\vm\prims\jvm.cpp:1304
Event: 0.069 Thread 0x0000000002afd800 Threw 0x00000007c04f3110 at C:\re\jdk7u79\2331\hotspot\src\share\vm\prims\jvm.cpp:1304
Event: 0.071 Thread 0x0000000002afd800 Threw 0x00000007c04f81b0 at C:\re\jdk7u79\2331\hotspot\src\share\vm\prims\jvm.cpp:1304

Events (10 events):
Event: 0.070 loading class 0x0000000002d6bc50
Event: 0.070 loading class 0x0000000002d6bc50 done
Event: 0.070 loading class 0x0000000002d652a0
Event: 0.070 loading class 0x0000000002d652a0 done
Event: 0.070 loading class 0x0000000002cfae30
Event: 0.070 loading class 0x0000000002d5cf70
Event: 0.070 loading class 0x0000000002d5cf70 done
Event: 0.070 loading class 0x0000000002cfae30 done
Event: 0.071 loading class 0x000000000d60c6a0
Event: 0.071 loading class 0x000000000d60c6a0 done


Dynamic libraries:
0x00007ff6a58e0000 - 0x00007ff6a5913000 	C:\Program Files\Java\jre7\bin\javaw.exe
0x00007ffea9f50000 - 0x00007ffeaa0fc000 	C:\WINDOWS\SYSTEM32\ntdll.dll
0x00007ffea9b40000 - 0x00007ffea9c7e000 	C:\WINDOWS\system32\KERNEL32.DLL
0x00007ffea7450000 - 0x00007ffea7565000 	C:\WINDOWS\system32\KERNELBASE.dll
0x00007ffea57e0000 - 0x00007ffea586e000 	C:\WINDOWS\system32\apphelp.dll
0x00007ffe7cfa0000 - 0x00007ffe7cff3000 	C:\WINDOWS\AppPatch\AppPatch64\AcGenral.DLL
0x00007ffea9740000 - 0x00007ffea97ea000 	C:\WINDOWS\system32\msvcrt.dll
0x00007ffea6f40000 - 0x00007ffea6f6e000 	C:\WINDOWS\SYSTEM32\SspiCli.dll
0x00007ffea9ae0000 - 0x00007ffea9b34000 	C:\WINDOWS\system32\SHLWAPI.dll
0x00007ffea75d0000 - 0x00007ffea7747000 	C:\WINDOWS\system32\USER32.dll
0x00007ffea95a0000 - 0x00007ffea9734000 	C:\WINDOWS\system32\ole32.dll
0x00007ffea78c0000 - 0x00007ffea8deb000 	C:\WINDOWS\system32\SHELL32.dll
0x00007ffea6370000 - 0x00007ffea6391000 	C:\WINDOWS\SYSTEM32\USERENV.dll
0x00007ffea97f0000 - 0x00007ffea989a000 	C:\WINDOWS\system32\ADVAPI32.dll
0x00007ffe9d2a0000 - 0x00007ffe9d2be000 	C:\WINDOWS\SYSTEM32\MPR.dll
0x00007ffea7750000 - 0x00007ffea7891000 	C:\WINDOWS\system32\RPCRT4.dll
0x00007ffea9e10000 - 0x00007ffea9e69000 	C:\WINDOWS\SYSTEM32\sechost.dll
0x00007ffea91c0000 - 0x00007ffea93d1000 	C:\WINDOWS\SYSTEM32\combase.dll
0x00007ffea9450000 - 0x00007ffea95a0000 	C:\WINDOWS\system32\GDI32.dll
0x00007ffea70a0000 - 0x00007ffea70b5000 	C:\WINDOWS\SYSTEM32\profapi.dll
0x00007ffea6780000 - 0x00007ffea6832000 	C:\WINDOWS\SYSTEM32\SHCORE.dll
0x00007ffea9ee0000 - 0x00007ffea9f16000 	C:\WINDOWS\system32\IMM32.DLL
0x00007ffea9060000 - 0x00007ffea91b1000 	C:\WINDOWS\system32\MSCTF.dll
0x00007ffea6bb0000 - 0x00007ffea6e2a000 	C:\WINDOWS\WinSxS\amd64_microsoft.windows.common-controls_6595b64144ccf1df_6.0.9600.17810_none_6240b9c7ecbd0bda\COMCTL32.dll
0x000000006ed00000 - 0x000000006edd2000 	C:\Program Files\Java\jre7\bin\msvcr100.dll
0x000000006db30000 - 0x000000006e305000 	C:\Program Files\Java\jre7\bin\server\jvm.dll
0x00007ffea6e60000 - 0x00007ffea6e69000 	C:\WINDOWS\SYSTEM32\WSOCK32.dll
0x00007ffea4960000 - 0x00007ffea4982000 	C:\WINDOWS\SYSTEM32\WINMM.dll
0x00007ffea9f20000 - 0x00007ffea9f27000 	C:\WINDOWS\system32\PSAPI.DLL
0x00007ffea93f0000 - 0x00007ffea944a000 	C:\WINDOWS\system32\WS2_32.dll
0x00007ffea3480000 - 0x00007ffea34aa000 	C:\WINDOWS\SYSTEM32\WINMMBASE.dll
0x00007ffea78a0000 - 0x00007ffea78a9000 	C:\WINDOWS\system32\NSI.dll
0x00007ffea7400000 - 0x00007ffea744f000 	C:\WINDOWS\SYSTEM32\cfgmgr32.dll
0x00007ffea5a60000 - 0x00007ffea5a88000 	C:\WINDOWS\SYSTEM32\DEVOBJ.dll
0x00000000701e0000 - 0x00000000701ef000 	C:\Program Files\Java\jre7\bin\verify.dll
0x000000006db00000 - 0x000000006db28000 	C:\Program Files\Java\jre7\bin\java.dll
0x000000006dae0000 - 0x000000006daf5000 	C:\Program Files\Java\jre7\bin\zip.dll
0x0000000180000000 - 0x00000001801fa000 	C:\Windows\System32\jsmile.dll

VM Arguments:
jvm_args: -Dfile.encoding=Cp1252 
java_command: dbn_jsmile.tut
Launcher Type: SUN_STANDARD

Environment Variables:
JAVA_HOME=C:\Program Files\Java\jdk1.8.0_20
PATH=C:\Program Files (x86)\Intel\iCLS Client\;C:\Program Files\Intel\iCLS Client\;D:\Program Files\ILOG\opl\bin\x64_win64;D:\Program Files\ILOG\opl\oplide\;D:\Program Files\ILOG\cplex\bin\x64_win64;D:\Program Files\ILOG\cpoptimizer\bin\x64_win64;C:\ProgramData\Oracle\Java\javapath;C:\WINDOWS\system32;C:\WINDOWS;C:\WINDOWS\System32\Wbem;C:\WINDOWS\System32\WindowsPowerShell\v1.0\;C:\Program Files\Calibre2\;D:\Program Files\MATLAB\R2014a\runtime\win64;D:\Program Files\MATLAB\R2014a\bin;C:\Program Files (x86)\GnuWin32\bin;C:\Program Files (x86)\Git\cmd;D:\apache-maven-3.2.5\bin;C:\Program Files\Intel\Intel(R) Management Engine Components\DAL;C:\Program Files\Intel\Intel(R) Management Engine Components\IPT;C:\Program Files (x86)\Intel\Intel(R) Management Engine Components\DAL;C:\Program Files (x86)\Intel\Intel(R) Management Engine Components\IPT;C:\Program Files (x86)\MySQL\MySQL Fabric 1.5.3 & MySQL Utilities 1.5.3 1.5\;C:\Program Files (x86)\MySQL\MySQL Fabric 1.5.3 & MySQL Utilities 1.5.3 1.5\Doctrine extensions f;C:\Program Files (x86)\domino;D:\Program Files\Microsoft SQL Server\120\DTS\Binn\;D:\Program Files\Microsoft SQL Server\Client SDK\ODBC\110\Tools\Binn\;D:\Program Files (x86)\Microsoft SQL Server\120\Tools\Binn\;D:\Program Files\Microsoft SQL Server\120\Tools\Binn\;D:\Program Files (x86)\Microsoft SQL Server\120\Tools\Binn\ManagementStudio\;D:\Program Files (x86)\Microsoft SQL Server\120\DTS\Binn\;C:\Program Files\Crucial\Storage Executive;D:\Thesis\SAS\Secure\ccme4;D:\Thesis\SAS\x86\Secure\ccme4;C:\Program Files (x86)\Skype\Phone\;D:\Program Files\MATLAB\R2014a\bin;D:\Program Files\MATLAB\R2014a\bin\win64;D:\jmatlink;C:\Python27;c:\python27\scripts;c:\python27\tools\scripts;C:\Program Files\Java\jdk1.8.0_20\bin;C:\RailsInstaller\Git\cmd;C:\RailsInstaller\Ruby2.1.0\bin;C:\AWS\ec2-api-tools-1.7.5.1\bin;D:\Program Files\MATLAB\R2014a\bin;D:\Program Files\MATLAB\R2014a\bin\win64;D:\Program Files\MATLAB\R2014a\runtime\win64;D:\jmatlink
USERNAME=Malte
OS=Windows_NT
PROCESSOR_IDENTIFIER=Intel64 Family 6 Model 58 Stepping 9, GenuineIntel



---------------  S Y S T E M  ---------------

OS: Windows 8.1 , 64 bit Build 9600 

CPU:total 4 (2 cores per cpu, 2 threads per core) family 6 model 58 stepping 9, cmov, cx8, fxsr, mmx, sse, sse2, sse3, ssse3, sse4.1, sse4.2, popcnt, avx, aes, erms, ht, tsc, tscinvbit, tscinv

Memory: 4k page, physical 12520284k(7733636k free), swap 25103196k(17827932k free)

vm_info: Java HotSpot(TM) 64-Bit Server VM (24.79-b02) for windows-amd64 JRE (1.7.0_79-b15), built on Apr 10 2015 12:36:16 by "java_re" with unknown MS VC++:1600

time: Thu Dec 17 12:06:01 2015
elapsed time: 0 seconds

